

================================================================
== Vivado HLS Report for 'zeropad2d_cl_me_ap_fixed_ap_fixed_config4_s'
================================================================
* Date:           Thu Jul 14 10:52:59 2022

* Version:        2019.2 (Build 2704478 on Wed Nov 06 22:10:23 MST 2019)
* Project:        myproject_prj
* Solution:       solution1
* Product family: zynquplus
* Target device:  xczu9eg-ffvb1156-2-e


================================================================
== Performance Estimates
================================================================
+ Timing: 
    * Summary: 
    +--------+---------+----------+------------+
    |  Clock |  Target | Estimated| Uncertainty|
    +--------+---------+----------+------------+
    |ap_clk  | 5.00 ns | 1.838 ns |   0.62 ns  |
    +--------+---------+----------+------------+

+ Latency: 
    * Summary: 
    +---------+---------+----------+----------+-----+-----+---------+
    |  Latency (cycles) |  Latency (absolute) |  Interval | Pipeline|
    |   min   |   max   |    min   |    max   | min | max |   Type  |
    +---------+---------+----------+----------+-----+-----+---------+
    |       28|       28| 0.140 us | 0.140 us |   28|   28|   none  |
    +---------+---------+----------+----------+-----+-----+---------+

    + Detail: 
        * Instance: 
        N/A

        * Loop: 
        +------------------+---------+---------+----------+-----------+-----------+------+----------+
        |                  |  Latency (cycles) | Iteration|  Initiation Interval  | Trip |          |
        |     Loop Name    |   min   |   max   |  Latency |  achieved |   target  | Count| Pipelined|
        +------------------+---------+---------+----------+-----------+-----------+------+----------+
        |- PadTopWidth     |        5|        5|         1|          -|          -|     5|    no    |
        |- PadMain         |       15|       15|         5|          -|          -|     3|    no    |
        | + CopyMain       |        3|        3|         1|          -|          -|     3|    no    |
        |- PadBottomWidth  |        5|        5|         1|          -|          -|     5|    no    |
        +------------------+---------+---------+----------+-----------+-----------+------+----------+



================================================================
== Utilization Estimates
================================================================
* Summary: 
+-----------------+---------+-------+--------+--------+-----+
|       Name      | BRAM_18K| DSP48E|   FF   |   LUT  | URAM|
+-----------------+---------+-------+--------+--------+-----+
|DSP              |        -|      -|       -|       -|    -|
|Expression       |        -|      -|       0|      84|    -|
|FIFO             |        -|      -|       -|       -|    -|
|Instance         |        -|      -|       -|       -|    -|
|Memory           |        -|      -|       -|       -|    -|
|Multiplexer      |        -|      -|       -|     351|    -|
|Register         |        -|      -|      19|       -|    -|
+-----------------+---------+-------+--------+--------+-----+
|Total            |        0|      0|      19|     435|    0|
+-----------------+---------+-------+--------+--------+-----+
|Available        |     1824|   2520|  548160|  274080|    0|
+-----------------+---------+-------+--------+--------+-----+
|Utilization (%)  |        0|      0|   ~0   |   ~0   |    0|
+-----------------+---------+-------+--------+--------+-----+

+ Detail: 
    * Instance: 
    N/A

    * DSP48E: 
    N/A

    * Memory: 
    N/A

    * FIFO: 
    N/A

    * Expression: 
    +----------------------+----------+-------+---+----+------------+------------+
    |     Variable Name    | Operation| DSP48E| FF| LUT| Bitwidth P0| Bitwidth P1|
    +----------------------+----------+-------+---+----+------------+------------+
    |i_fu_374_p2           |     +    |      0|  0|   9|           2|           1|
    |j_1_fu_398_p2         |     +    |      0|  0|  11|           3|           1|
    |j_2_fu_386_p2         |     +    |      0|  0|   9|           2|           1|
    |j_fu_362_p2           |     +    |      0|  0|  11|           3|           1|
    |icmp_ln114_fu_356_p2  |   icmp   |      0|  0|   9|           3|           3|
    |icmp_ln119_fu_368_p2  |   icmp   |      0|  0|   8|           2|           2|
    |icmp_ln123_fu_380_p2  |   icmp   |      0|  0|   8|           2|           2|
    |icmp_ln132_fu_392_p2  |   icmp   |      0|  0|   9|           3|           3|
    |ap_block_state1       |    or    |      0|  0|   2|           1|           1|
    |ap_block_state2       |    or    |      0|  0|   2|           1|           1|
    |ap_block_state3       |    or    |      0|  0|   2|           1|           1|
    |ap_block_state4       |    or    |      0|  0|   2|           1|           1|
    |ap_block_state5       |    or    |      0|  0|   2|           1|           1|
    +----------------------+----------+-------+---+----+------------+------------+
    |Total                 |          |      0|  0|  84|          25|          19|
    +----------------------+----------+-------+---+----+------------+------------+

    * Multiplexer: 
    +------------------------+----+-----------+-----+-----------+
    |          Name          | LUT| Input Size| Bits| Total Bits|
    +------------------------+----+-----------+-----+-----------+
    |ap_NS_fsm               |  33|          6|    1|          6|
    |ap_done                 |   9|          2|    1|          2|
    |data_0_V_V_TDATA_blk_n  |   9|          2|    1|          2|
    |data_1_V_V_TDATA_blk_n  |   9|          2|    1|          2|
    |data_2_V_V_TDATA_blk_n  |   9|          2|    1|          2|
    |data_3_V_V_TDATA_blk_n  |   9|          2|    1|          2|
    |data_4_V_V_TDATA_blk_n  |   9|          2|    1|          2|
    |data_5_V_V_TDATA_blk_n  |   9|          2|    1|          2|
    |data_6_V_V_TDATA_blk_n  |   9|          2|    1|          2|
    |data_7_V_V_TDATA_blk_n  |   9|          2|    1|          2|
    |i1_0_reg_323            |   9|          2|    2|          4|
    |j3_0_reg_334            |   9|          2|    2|          4|
    |j6_0_reg_345            |   9|          2|    3|          6|
    |j_0_reg_312             |   9|          2|    3|          6|
    |real_start              |   9|          2|    1|          2|
    |res_0_V_V_blk_n         |   9|          2|    1|          2|
    |res_0_V_V_din           |  15|          3|   16|         48|
    |res_1_V_V_blk_n         |   9|          2|    1|          2|
    |res_1_V_V_din           |  15|          3|   16|         48|
    |res_2_V_V_blk_n         |   9|          2|    1|          2|
    |res_2_V_V_din           |  15|          3|   16|         48|
    |res_3_V_V_blk_n         |   9|          2|    1|          2|
    |res_3_V_V_din           |  15|          3|   16|         48|
    |res_4_V_V_blk_n         |   9|          2|    1|          2|
    |res_4_V_V_din           |  15|          3|   16|         48|
    |res_5_V_V_blk_n         |   9|          2|    1|          2|
    |res_5_V_V_din           |  15|          3|   16|         48|
    |res_6_V_V_blk_n         |   9|          2|    1|          2|
    |res_6_V_V_din           |  15|          3|   16|         48|
    |res_7_V_V_blk_n         |   9|          2|    1|          2|
    |res_7_V_V_din           |  15|          3|   16|         48|
    +------------------------+----+-----------+-----+-----------+
    |Total                   | 351|         74|  157|        446|
    +------------------------+----+-----------+-----+-----------+

    * Register: 
    +----------------+---+----+-----+-----------+
    |      Name      | FF| LUT| Bits| Const Bits|
    +----------------+---+----+-----+-----------+
    |ap_CS_fsm       |  5|   0|    5|          0|
    |ap_done_reg     |  1|   0|    1|          0|
    |i1_0_reg_323    |  2|   0|    2|          0|
    |i_reg_415       |  2|   0|    2|          0|
    |j3_0_reg_334    |  2|   0|    2|          0|
    |j6_0_reg_345    |  3|   0|    3|          0|
    |j_0_reg_312     |  3|   0|    3|          0|
    |start_once_reg  |  1|   0|    1|          0|
    +----------------+---+----+-----+-----------+
    |Total           | 19|   0|   19|          0|
    +----------------+---+----+-----+-----------+



================================================================
== Interface
================================================================
* Summary: 
+-------------------+-----+-----+------------+--------------------------------------------+--------------+
|     RTL Ports     | Dir | Bits|  Protocol  |                Source Object               |    C Type    |
+-------------------+-----+-----+------------+--------------------------------------------+--------------+
|ap_clk             |  in |    1| ap_ctrl_hs | zeropad2d_cl_me<ap_fixed,ap_fixed,config4> | return value |
|ap_rst             |  in |    1| ap_ctrl_hs | zeropad2d_cl_me<ap_fixed,ap_fixed,config4> | return value |
|ap_start           |  in |    1| ap_ctrl_hs | zeropad2d_cl_me<ap_fixed,ap_fixed,config4> | return value |
|start_full_n       |  in |    1| ap_ctrl_hs | zeropad2d_cl_me<ap_fixed,ap_fixed,config4> | return value |
|ap_done            | out |    1| ap_ctrl_hs | zeropad2d_cl_me<ap_fixed,ap_fixed,config4> | return value |
|ap_continue        |  in |    1| ap_ctrl_hs | zeropad2d_cl_me<ap_fixed,ap_fixed,config4> | return value |
|ap_idle            | out |    1| ap_ctrl_hs | zeropad2d_cl_me<ap_fixed,ap_fixed,config4> | return value |
|ap_ready           | out |    1| ap_ctrl_hs | zeropad2d_cl_me<ap_fixed,ap_fixed,config4> | return value |
|start_out          | out |    1| ap_ctrl_hs | zeropad2d_cl_me<ap_fixed,ap_fixed,config4> | return value |
|start_write        | out |    1| ap_ctrl_hs | zeropad2d_cl_me<ap_fixed,ap_fixed,config4> | return value |
|data_0_V_V_TDATA   |  in |   16|    axis    |                 data_0_V_V                 |    pointer   |
|data_0_V_V_TVALID  |  in |    1|    axis    |                 data_0_V_V                 |    pointer   |
|data_0_V_V_TREADY  | out |    1|    axis    |                 data_0_V_V                 |    pointer   |
|data_1_V_V_TDATA   |  in |   16|    axis    |                 data_1_V_V                 |    pointer   |
|data_1_V_V_TVALID  |  in |    1|    axis    |                 data_1_V_V                 |    pointer   |
|data_1_V_V_TREADY  | out |    1|    axis    |                 data_1_V_V                 |    pointer   |
|data_2_V_V_TDATA   |  in |   16|    axis    |                 data_2_V_V                 |    pointer   |
|data_2_V_V_TVALID  |  in |    1|    axis    |                 data_2_V_V                 |    pointer   |
|data_2_V_V_TREADY  | out |    1|    axis    |                 data_2_V_V                 |    pointer   |
|data_3_V_V_TDATA   |  in |   16|    axis    |                 data_3_V_V                 |    pointer   |
|data_3_V_V_TVALID  |  in |    1|    axis    |                 data_3_V_V                 |    pointer   |
|data_3_V_V_TREADY  | out |    1|    axis    |                 data_3_V_V                 |    pointer   |
|data_4_V_V_TDATA   |  in |   16|    axis    |                 data_4_V_V                 |    pointer   |
|data_4_V_V_TVALID  |  in |    1|    axis    |                 data_4_V_V                 |    pointer   |
|data_4_V_V_TREADY  | out |    1|    axis    |                 data_4_V_V                 |    pointer   |
|data_5_V_V_TDATA   |  in |   16|    axis    |                 data_5_V_V                 |    pointer   |
|data_5_V_V_TVALID  |  in |    1|    axis    |                 data_5_V_V                 |    pointer   |
|data_5_V_V_TREADY  | out |    1|    axis    |                 data_5_V_V                 |    pointer   |
|data_6_V_V_TDATA   |  in |   16|    axis    |                 data_6_V_V                 |    pointer   |
|data_6_V_V_TVALID  |  in |    1|    axis    |                 data_6_V_V                 |    pointer   |
|data_6_V_V_TREADY  | out |    1|    axis    |                 data_6_V_V                 |    pointer   |
|data_7_V_V_TDATA   |  in |   16|    axis    |                 data_7_V_V                 |    pointer   |
|data_7_V_V_TVALID  |  in |    1|    axis    |                 data_7_V_V                 |    pointer   |
|data_7_V_V_TREADY  | out |    1|    axis    |                 data_7_V_V                 |    pointer   |
|res_0_V_V_din      | out |   16|   ap_fifo  |                  res_0_V_V                 |    pointer   |
|res_0_V_V_full_n   |  in |    1|   ap_fifo  |                  res_0_V_V                 |    pointer   |
|res_0_V_V_write    | out |    1|   ap_fifo  |                  res_0_V_V                 |    pointer   |
|res_1_V_V_din      | out |   16|   ap_fifo  |                  res_1_V_V                 |    pointer   |
|res_1_V_V_full_n   |  in |    1|   ap_fifo  |                  res_1_V_V                 |    pointer   |
|res_1_V_V_write    | out |    1|   ap_fifo  |                  res_1_V_V                 |    pointer   |
|res_2_V_V_din      | out |   16|   ap_fifo  |                  res_2_V_V                 |    pointer   |
|res_2_V_V_full_n   |  in |    1|   ap_fifo  |                  res_2_V_V                 |    pointer   |
|res_2_V_V_write    | out |    1|   ap_fifo  |                  res_2_V_V                 |    pointer   |
|res_3_V_V_din      | out |   16|   ap_fifo  |                  res_3_V_V                 |    pointer   |
|res_3_V_V_full_n   |  in |    1|   ap_fifo  |                  res_3_V_V                 |    pointer   |
|res_3_V_V_write    | out |    1|   ap_fifo  |                  res_3_V_V                 |    pointer   |
|res_4_V_V_din      | out |   16|   ap_fifo  |                  res_4_V_V                 |    pointer   |
|res_4_V_V_full_n   |  in |    1|   ap_fifo  |                  res_4_V_V                 |    pointer   |
|res_4_V_V_write    | out |    1|   ap_fifo  |                  res_4_V_V                 |    pointer   |
|res_5_V_V_din      | out |   16|   ap_fifo  |                  res_5_V_V                 |    pointer   |
|res_5_V_V_full_n   |  in |    1|   ap_fifo  |                  res_5_V_V                 |    pointer   |
|res_5_V_V_write    | out |    1|   ap_fifo  |                  res_5_V_V                 |    pointer   |
|res_6_V_V_din      | out |   16|   ap_fifo  |                  res_6_V_V                 |    pointer   |
|res_6_V_V_full_n   |  in |    1|   ap_fifo  |                  res_6_V_V                 |    pointer   |
|res_6_V_V_write    | out |    1|   ap_fifo  |                  res_6_V_V                 |    pointer   |
|res_7_V_V_din      | out |   16|   ap_fifo  |                  res_7_V_V                 |    pointer   |
|res_7_V_V_full_n   |  in |    1|   ap_fifo  |                  res_7_V_V                 |    pointer   |
|res_7_V_V_write    | out |    1|   ap_fifo  |                  res_7_V_V                 |    pointer   |
+-------------------+-----+-----+------------+--------------------------------------------+--------------+

