

================================================================
== Vivado HLS Report for 'zeropad2d_cl_me_ap_fixed_ap_fixed_config4_s'
================================================================
* Date:           Thu Jul 14 10:52:58 2022

* Version:        2019.2 (Build 2704478 on Wed Nov 06 22:10:23 MST 2019)
* Project:        myproject_prj
* Solution:       solution1
* Product family: zynquplus
* Target device:  xczu9eg-ffvb1156-2-e


================================================================
== Performance Estimates
================================================================
+ Timing: 
    * Summary: 
    +--------+---------+----------+------------+
    |  Clock |  Target | Estimated| Uncertainty|
    +--------+---------+----------+------------+
    |ap_clk  | 5.00 ns | 1.838 ns |   0.62 ns  |
    +--------+---------+----------+------------+

+ Latency: 
    * Summary: 
    +---------+---------+----------+----------+-----+-----+---------+
    |  Latency (cycles) |  Latency (absolute) |  Interval | Pipeline|
    |   min   |   max   |    min   |    max   | min | max |   Type  |
    +---------+---------+----------+----------+-----+-----+---------+
    |       28|       28| 0.140 us | 0.140 us |   28|   28|   none  |
    +---------+---------+----------+----------+-----+-----+---------+

    + Detail: 
        * Instance: 
        N/A

        * Loop: 
        +------------------+---------+---------+----------+-----------+-----------+------+----------+
        |                  |  Latency (cycles) | Iteration|  Initiation Interval  | Trip |          |
        |     Loop Name    |   min   |   max   |  Latency |  achieved |   target  | Count| Pipelined|
        +------------------+---------+---------+----------+-----------+-----------+------+----------+
        |- PadTopWidth     |        5|        5|         1|          -|          -|     5|    no    |
        |- PadMain         |       15|       15|         5|          -|          -|     3|    no    |
        | + CopyMain       |        3|        3|         1|          -|          -|     3|    no    |
        |- PadBottomWidth  |        5|        5|         1|          -|          -|     5|    no    |
        +------------------+---------+---------+----------+-----------+-----------+------+----------+

============================================================
+ Verbose Summary: Synthesis Manager
============================================================
InlineROM: 1
ExposeGlobal: 0
============================================================
+ Verbose Summary: CDFG Model
============================================================
IsTopModel: 0
ResetActiveHigh: 1
IsCombinational: 2
IsDatapathOnly: 0
HasWiredReturn: 1
HasMFsm: 0
HasVarLatency: 1
IsPipeline: 0
IsRtlPipelined: 0
IsInstanceOverlapped: 0
IsDontTouch: 0
HasImplIP: 0
IsGatedGlobalClock: 0


============================================================
+ Verbose Summary: Schedule
============================================================
* Number of FSM states : 5
* Pipeline : 0
* Dataflow Pipeline: 0

* FSM state transitions: 
1 --> 2 
2 --> 2 3 
3 --> 4 5 
4 --> 4 3 
5 --> 5 

* FSM state operations: 

State 1 <SV = 0> <Delay = 0.65>
ST_1 : Operation 6 [1/1] (0.00ns)   --->   "call void (...)* @_ssdm_op_SpecInterface(i16* %res_7_V_V, [8 x i8]* @ap_fifo_str, i32 0, i32 0, [1 x i8]* @p_str117, i32 0, i32 0, [1 x i8]* @p_str118, [1 x i8]* @p_str119, [1 x i8]* @p_str120, i32 2, i32 2, i32 16, i32 16, [1 x i8]* @p_str121, [1 x i8]* @p_str122)"   --->   Operation 6 'specinterface' <Predicate = true> <Delay = 0.00>
ST_1 : Operation 7 [1/1] (0.00ns)   --->   "call void (...)* @_ssdm_op_SpecInterface(i16* %res_6_V_V, [8 x i8]* @ap_fifo_str, i32 0, i32 0, [1 x i8]* @p_str110, i32 0, i32 0, [1 x i8]* @p_str111, [1 x i8]* @p_str112, [1 x i8]* @p_str113, i32 2, i32 2, i32 16, i32 16, [1 x i8]* @p_str114, [1 x i8]* @p_str115)"   --->   Operation 7 'specinterface' <Predicate = true> <Delay = 0.00>
ST_1 : Operation 8 [1/1] (0.00ns)   --->   "call void (...)* @_ssdm_op_SpecInterface(i16* %res_5_V_V, [8 x i8]* @ap_fifo_str, i32 0, i32 0, [1 x i8]* @p_str103, i32 0, i32 0, [1 x i8]* @p_str104, [1 x i8]* @p_str105, [1 x i8]* @p_str106, i32 2, i32 2, i32 16, i32 16, [1 x i8]* @p_str107, [1 x i8]* @p_str108)"   --->   Operation 8 'specinterface' <Predicate = true> <Delay = 0.00>
ST_1 : Operation 9 [1/1] (0.00ns)   --->   "call void (...)* @_ssdm_op_SpecInterface(i16* %res_4_V_V, [8 x i8]* @ap_fifo_str, i32 0, i32 0, [1 x i8]* @p_str96, i32 0, i32 0, [1 x i8]* @p_str97, [1 x i8]* @p_str98, [1 x i8]* @p_str99, i32 2, i32 2, i32 16, i32 16, [1 x i8]* @p_str100, [1 x i8]* @p_str101)"   --->   Operation 9 'specinterface' <Predicate = true> <Delay = 0.00>
ST_1 : Operation 10 [1/1] (0.00ns)   --->   "call void (...)* @_ssdm_op_SpecInterface(i16* %res_3_V_V, [8 x i8]* @ap_fifo_str, i32 0, i32 0, [1 x i8]* @p_str89, i32 0, i32 0, [1 x i8]* @p_str90, [1 x i8]* @p_str91, [1 x i8]* @p_str92, i32 2, i32 2, i32 16, i32 16, [1 x i8]* @p_str93, [1 x i8]* @p_str94)"   --->   Operation 10 'specinterface' <Predicate = true> <Delay = 0.00>
ST_1 : Operation 11 [1/1] (0.00ns)   --->   "call void (...)* @_ssdm_op_SpecInterface(i16* %res_2_V_V, [8 x i8]* @ap_fifo_str, i32 0, i32 0, [1 x i8]* @p_str82, i32 0, i32 0, [1 x i8]* @p_str83, [1 x i8]* @p_str84, [1 x i8]* @p_str85, i32 2, i32 2, i32 16, i32 16, [1 x i8]* @p_str86, [1 x i8]* @p_str87)"   --->   Operation 11 'specinterface' <Predicate = true> <Delay = 0.00>
ST_1 : Operation 12 [1/1] (0.00ns)   --->   "call void (...)* @_ssdm_op_SpecInterface(i16* %res_1_V_V, [8 x i8]* @ap_fifo_str, i32 0, i32 0, [1 x i8]* @p_str75, i32 0, i32 0, [1 x i8]* @p_str76, [1 x i8]* @p_str77, [1 x i8]* @p_str78, i32 2, i32 2, i32 16, i32 16, [1 x i8]* @p_str79, [1 x i8]* @p_str80)"   --->   Operation 12 'specinterface' <Predicate = true> <Delay = 0.00>
ST_1 : Operation 13 [1/1] (0.00ns)   --->   "call void (...)* @_ssdm_op_SpecInterface(i16* %res_0_V_V, [8 x i8]* @ap_fifo_str, i32 0, i32 0, [1 x i8]* @p_str68, i32 0, i32 0, [1 x i8]* @p_str69, [1 x i8]* @p_str70, [1 x i8]* @p_str71, i32 2, i32 2, i32 16, i32 16, [1 x i8]* @p_str72, [1 x i8]* @p_str73)"   --->   Operation 13 'specinterface' <Predicate = true> <Delay = 0.00>
ST_1 : Operation 14 [1/1] (0.00ns)   --->   "call void (...)* @_ssdm_op_SpecInterface(i16* %data_0_V_V, [5 x i8]* @p_str, i32 1, i32 1, [5 x i8]* @p_str4, i32 0, i32 0, [1 x i8]* @p_str5, [1 x i8]* @p_str5, [1 x i8]* @p_str5, i32 0, i32 0, i32 0, i32 0, [1 x i8]* @p_str5, [1 x i8]* @p_str5)"   --->   Operation 14 'specinterface' <Predicate = true> <Delay = 0.00>
ST_1 : Operation 15 [1/1] (0.00ns)   --->   "call void (...)* @_ssdm_op_SpecInterface(i16* %data_1_V_V, [5 x i8]* @p_str, i32 1, i32 1, [5 x i8]* @p_str4, i32 0, i32 0, [1 x i8]* @p_str5, [1 x i8]* @p_str5, [1 x i8]* @p_str5, i32 0, i32 0, i32 0, i32 0, [1 x i8]* @p_str5, [1 x i8]* @p_str5)"   --->   Operation 15 'specinterface' <Predicate = true> <Delay = 0.00>
ST_1 : Operation 16 [1/1] (0.00ns)   --->   "call void (...)* @_ssdm_op_SpecInterface(i16* %data_2_V_V, [5 x i8]* @p_str, i32 1, i32 1, [5 x i8]* @p_str4, i32 0, i32 0, [1 x i8]* @p_str5, [1 x i8]* @p_str5, [1 x i8]* @p_str5, i32 0, i32 0, i32 0, i32 0, [1 x i8]* @p_str5, [1 x i8]* @p_str5)"   --->   Operation 16 'specinterface' <Predicate = true> <Delay = 0.00>
ST_1 : Operation 17 [1/1] (0.00ns)   --->   "call void (...)* @_ssdm_op_SpecInterface(i16* %data_3_V_V, [5 x i8]* @p_str, i32 1, i32 1, [5 x i8]* @p_str4, i32 0, i32 0, [1 x i8]* @p_str5, [1 x i8]* @p_str5, [1 x i8]* @p_str5, i32 0, i32 0, i32 0, i32 0, [1 x i8]* @p_str5, [1 x i8]* @p_str5)"   --->   Operation 17 'specinterface' <Predicate = true> <Delay = 0.00>
ST_1 : Operation 18 [1/1] (0.00ns)   --->   "call void (...)* @_ssdm_op_SpecInterface(i16* %data_4_V_V, [5 x i8]* @p_str, i32 1, i32 1, [5 x i8]* @p_str4, i32 0, i32 0, [1 x i8]* @p_str5, [1 x i8]* @p_str5, [1 x i8]* @p_str5, i32 0, i32 0, i32 0, i32 0, [1 x i8]* @p_str5, [1 x i8]* @p_str5)"   --->   Operation 18 'specinterface' <Predicate = true> <Delay = 0.00>
ST_1 : Operation 19 [1/1] (0.00ns)   --->   "call void (...)* @_ssdm_op_SpecInterface(i16* %data_5_V_V, [5 x i8]* @p_str, i32 1, i32 1, [5 x i8]* @p_str4, i32 0, i32 0, [1 x i8]* @p_str5, [1 x i8]* @p_str5, [1 x i8]* @p_str5, i32 0, i32 0, i32 0, i32 0, [1 x i8]* @p_str5, [1 x i8]* @p_str5)"   --->   Operation 19 'specinterface' <Predicate = true> <Delay = 0.00>
ST_1 : Operation 20 [1/1] (0.00ns)   --->   "call void (...)* @_ssdm_op_SpecInterface(i16* %data_6_V_V, [5 x i8]* @p_str, i32 1, i32 1, [5 x i8]* @p_str4, i32 0, i32 0, [1 x i8]* @p_str5, [1 x i8]* @p_str5, [1 x i8]* @p_str5, i32 0, i32 0, i32 0, i32 0, [1 x i8]* @p_str5, [1 x i8]* @p_str5)"   --->   Operation 20 'specinterface' <Predicate = true> <Delay = 0.00>
ST_1 : Operation 21 [1/1] (0.00ns)   --->   "call void (...)* @_ssdm_op_SpecInterface(i16* %data_7_V_V, [5 x i8]* @p_str, i32 1, i32 1, [5 x i8]* @p_str4, i32 0, i32 0, [1 x i8]* @p_str5, [1 x i8]* @p_str5, [1 x i8]* @p_str5, i32 0, i32 0, i32 0, i32 0, [1 x i8]* @p_str5, [1 x i8]* @p_str5)"   --->   Operation 21 'specinterface' <Predicate = true> <Delay = 0.00>
ST_1 : Operation 22 [1/1] (0.00ns)   --->   "call void (...)* @_ssdm_op_SpecLoopName([7 x i8]* @p_str21) nounwind" [firmware/nnet_utils/nnet_padding_stream.h:113]   --->   Operation 22 'specloopname' <Predicate = true> <Delay = 0.00>
ST_1 : Operation 23 [1/1] (0.00ns)   --->   "%tmp = call i32 (...)* @_ssdm_op_SpecRegionBegin([7 x i8]* @p_str21)" [firmware/nnet_utils/nnet_padding_stream.h:113]   --->   Operation 23 'specregionbegin' 'tmp' <Predicate = true> <Delay = 0.00>
ST_1 : Operation 24 [1/1] (0.65ns)   --->   "br label %0" [firmware/nnet_utils/nnet_padding_stream.h:114]   --->   Operation 24 'br' <Predicate = true> <Delay = 0.65>

State 2 <SV = 1> <Delay = 1.83>
ST_2 : Operation 25 [1/1] (0.00ns)   --->   "%j_0 = phi i3 [ 0, %PadTop_begin ], [ %j, %_ZN8ap_fixedILi16ELi14EL9ap_q_mode5EL9ap_o_mode3ELi0EEC1Ei.exit.i37.0 ]"   --->   Operation 25 'phi' 'j_0' <Predicate = true> <Delay = 0.00>
ST_2 : Operation 26 [1/1] (0.58ns)   --->   "%icmp_ln114 = icmp eq i3 %j_0, -3" [firmware/nnet_utils/nnet_padding_stream.h:114]   --->   Operation 26 'icmp' 'icmp_ln114' <Predicate = true> <Delay = 0.58> <Core = "Cmp">   --->   Core 25 'Cmp' <Latency = 0> <II = 1> <Delay = 0.58> <FuncUnit> <Opcode : 'icmp'> <InPorts = 2> <OutPorts = 1>
ST_2 : Operation 27 [1/1] (0.00ns)   --->   "%empty = call i32 (...)* @_ssdm_op_SpecLoopTripCount(i64 5, i64 5, i64 5)"   --->   Operation 27 'speclooptripcount' 'empty' <Predicate = true> <Delay = 0.00>
ST_2 : Operation 28 [1/1] (0.67ns)   --->   "%j = add i3 %j_0, 1" [firmware/nnet_utils/nnet_padding_stream.h:114]   --->   Operation 28 'add' 'j' <Predicate = true> <Delay = 0.67> <Core = "AddSub">   --->   Core 14 'AddSub' <Latency = 0> <II = 1> <Delay = 0.67> <FuncUnit> <Opcode : 'add' 'sub'> <InPorts = 2> <OutPorts = 1>
ST_2 : Operation 29 [1/1] (0.00ns)   --->   "br i1 %icmp_ln114, label %PadTop_end, label %_ZN8ap_fixedILi16ELi14EL9ap_q_mode5EL9ap_o_mode3ELi0EEC1Ei.exit.i37.0" [firmware/nnet_utils/nnet_padding_stream.h:114]   --->   Operation 29 'br' <Predicate = true> <Delay = 0.00>
ST_2 : Operation 30 [1/1] (0.00ns)   --->   "call void (...)* @_ssdm_op_SpecLoopName([12 x i8]* @p_str22) nounwind" [firmware/nnet_utils/nnet_padding_stream.h:114]   --->   Operation 30 'specloopname' <Predicate = (!icmp_ln114)> <Delay = 0.00>
ST_2 : Operation 31 [1/1] (1.83ns)   --->   "call void @_ssdm_op_Write.ap_fifo.volatile.i16P(i16* %res_0_V_V, i16 0)" [firmware/nnet_utils/nnet_padding_stream.h:27->firmware/nnet_utils/nnet_padding_stream.h:115]   --->   Operation 31 'write' <Predicate = (!icmp_ln114)> <Delay = 1.83> <Core = "FIFO_SRL">   --->   Core 36 'FIFO_SRL' <Latency = 0> <II = 1> <Delay = 1.83> <Storage> <Opcode : 'read' 'write' 'nbread' 'nbwrite'> <Ports = 0> <Width = 16> <Depth = 0> <FIFO>
ST_2 : Operation 32 [1/1] (1.83ns)   --->   "call void @_ssdm_op_Write.ap_fifo.volatile.i16P(i16* %res_1_V_V, i16 0)" [firmware/nnet_utils/nnet_padding_stream.h:27->firmware/nnet_utils/nnet_padding_stream.h:115]   --->   Operation 32 'write' <Predicate = (!icmp_ln114)> <Delay = 1.83> <Core = "FIFO_SRL">   --->   Core 36 'FIFO_SRL' <Latency = 0> <II = 1> <Delay = 1.83> <Storage> <Opcode : 'read' 'write' 'nbread' 'nbwrite'> <Ports = 0> <Width = 16> <Depth = 0> <FIFO>
ST_2 : Operation 33 [1/1] (1.83ns)   --->   "call void @_ssdm_op_Write.ap_fifo.volatile.i16P(i16* %res_2_V_V, i16 0)" [firmware/nnet_utils/nnet_padding_stream.h:27->firmware/nnet_utils/nnet_padding_stream.h:115]   --->   Operation 33 'write' <Predicate = (!icmp_ln114)> <Delay = 1.83> <Core = "FIFO_SRL">   --->   Core 36 'FIFO_SRL' <Latency = 0> <II = 1> <Delay = 1.83> <Storage> <Opcode : 'read' 'write' 'nbread' 'nbwrite'> <Ports = 0> <Width = 16> <Depth = 0> <FIFO>
ST_2 : Operation 34 [1/1] (1.83ns)   --->   "call void @_ssdm_op_Write.ap_fifo.volatile.i16P(i16* %res_3_V_V, i16 0)" [firmware/nnet_utils/nnet_padding_stream.h:27->firmware/nnet_utils/nnet_padding_stream.h:115]   --->   Operation 34 'write' <Predicate = (!icmp_ln114)> <Delay = 1.83> <Core = "FIFO_SRL">   --->   Core 36 'FIFO_SRL' <Latency = 0> <II = 1> <Delay = 1.83> <Storage> <Opcode : 'read' 'write' 'nbread' 'nbwrite'> <Ports = 0> <Width = 16> <Depth = 0> <FIFO>
ST_2 : Operation 35 [1/1] (1.83ns)   --->   "call void @_ssdm_op_Write.ap_fifo.volatile.i16P(i16* %res_4_V_V, i16 0)" [firmware/nnet_utils/nnet_padding_stream.h:27->firmware/nnet_utils/nnet_padding_stream.h:115]   --->   Operation 35 'write' <Predicate = (!icmp_ln114)> <Delay = 1.83> <Core = "FIFO_SRL">   --->   Core 36 'FIFO_SRL' <Latency = 0> <II = 1> <Delay = 1.83> <Storage> <Opcode : 'read' 'write' 'nbread' 'nbwrite'> <Ports = 0> <Width = 16> <Depth = 0> <FIFO>
ST_2 : Operation 36 [1/1] (1.83ns)   --->   "call void @_ssdm_op_Write.ap_fifo.volatile.i16P(i16* %res_5_V_V, i16 0)" [firmware/nnet_utils/nnet_padding_stream.h:27->firmware/nnet_utils/nnet_padding_stream.h:115]   --->   Operation 36 'write' <Predicate = (!icmp_ln114)> <Delay = 1.83> <Core = "FIFO_SRL">   --->   Core 36 'FIFO_SRL' <Latency = 0> <II = 1> <Delay = 1.83> <Storage> <Opcode : 'read' 'write' 'nbread' 'nbwrite'> <Ports = 0> <Width = 16> <Depth = 0> <FIFO>
ST_2 : Operation 37 [1/1] (1.83ns)   --->   "call void @_ssdm_op_Write.ap_fifo.volatile.i16P(i16* %res_6_V_V, i16 0)" [firmware/nnet_utils/nnet_padding_stream.h:27->firmware/nnet_utils/nnet_padding_stream.h:115]   --->   Operation 37 'write' <Predicate = (!icmp_ln114)> <Delay = 1.83> <Core = "FIFO_SRL">   --->   Core 36 'FIFO_SRL' <Latency = 0> <II = 1> <Delay = 1.83> <Storage> <Opcode : 'read' 'write' 'nbread' 'nbwrite'> <Ports = 0> <Width = 16> <Depth = 0> <FIFO>
ST_2 : Operation 38 [1/1] (1.83ns)   --->   "call void @_ssdm_op_Write.ap_fifo.volatile.i16P(i16* %res_7_V_V, i16 0)" [firmware/nnet_utils/nnet_padding_stream.h:27->firmware/nnet_utils/nnet_padding_stream.h:115]   --->   Operation 38 'write' <Predicate = (!icmp_ln114)> <Delay = 1.83> <Core = "FIFO_SRL">   --->   Core 36 'FIFO_SRL' <Latency = 0> <II = 1> <Delay = 1.83> <Storage> <Opcode : 'read' 'write' 'nbread' 'nbwrite'> <Ports = 0> <Width = 16> <Depth = 0> <FIFO>
ST_2 : Operation 39 [1/1] (0.00ns)   --->   "br label %0" [firmware/nnet_utils/nnet_padding_stream.h:114]   --->   Operation 39 'br' <Predicate = (!icmp_ln114)> <Delay = 0.00>
ST_2 : Operation 40 [1/1] (0.00ns)   --->   "%empty_14 = call i32 (...)* @_ssdm_op_SpecRegionEnd([7 x i8]* @p_str21, i32 %tmp)" [firmware/nnet_utils/nnet_padding_stream.h:117]   --->   Operation 40 'specregionend' 'empty_14' <Predicate = (icmp_ln114)> <Delay = 0.00>
ST_2 : Operation 41 [1/1] (0.65ns)   --->   "br label %.preheader3" [firmware/nnet_utils/nnet_padding_stream.h:119]   --->   Operation 41 'br' <Predicate = (icmp_ln114)> <Delay = 0.65>

State 3 <SV = 2> <Delay = 1.83>
ST_3 : Operation 42 [1/1] (0.00ns)   --->   "%i1_0 = phi i2 [ %i, %PadMain_end ], [ 0, %PadTop_end ]"   --->   Operation 42 'phi' 'i1_0' <Predicate = true> <Delay = 0.00>
ST_3 : Operation 43 [1/1] (0.44ns)   --->   "%icmp_ln119 = icmp eq i2 %i1_0, -1" [firmware/nnet_utils/nnet_padding_stream.h:119]   --->   Operation 43 'icmp' 'icmp_ln119' <Predicate = true> <Delay = 0.44> <Core = "Cmp">   --->   Core 25 'Cmp' <Latency = 0> <II = 1> <Delay = 0.58> <FuncUnit> <Opcode : 'icmp'> <InPorts = 2> <OutPorts = 1>
ST_3 : Operation 44 [1/1] (0.00ns)   --->   "%empty_15 = call i32 (...)* @_ssdm_op_SpecLoopTripCount(i64 3, i64 3, i64 3)"   --->   Operation 44 'speclooptripcount' 'empty_15' <Predicate = true> <Delay = 0.00>
ST_3 : Operation 45 [1/1] (0.54ns)   --->   "%i = add i2 %i1_0, 1" [firmware/nnet_utils/nnet_padding_stream.h:119]   --->   Operation 45 'add' 'i' <Predicate = true> <Delay = 0.54> <Core = "AddSub">   --->   Core 14 'AddSub' <Latency = 0> <II = 1> <Delay = 0.67> <FuncUnit> <Opcode : 'add' 'sub'> <InPorts = 2> <OutPorts = 1>
ST_3 : Operation 46 [1/1] (0.00ns)   --->   "br i1 %icmp_ln119, label %PadBottom_begin, label %PadMain_begin" [firmware/nnet_utils/nnet_padding_stream.h:119]   --->   Operation 46 'br' <Predicate = true> <Delay = 0.00>
ST_3 : Operation 47 [1/1] (0.00ns)   --->   "call void (...)* @_ssdm_op_SpecLoopName([8 x i8]* @p_str23) nounwind" [firmware/nnet_utils/nnet_padding_stream.h:119]   --->   Operation 47 'specloopname' <Predicate = (!icmp_ln119)> <Delay = 0.00>
ST_3 : Operation 48 [1/1] (0.00ns)   --->   "%tmp_2 = call i32 (...)* @_ssdm_op_SpecRegionBegin([8 x i8]* @p_str23)" [firmware/nnet_utils/nnet_padding_stream.h:119]   --->   Operation 48 'specregionbegin' 'tmp_2' <Predicate = (!icmp_ln119)> <Delay = 0.00>
ST_3 : Operation 49 [1/1] (0.00ns)   --->   "call void (...)* @_ssdm_op_SpecLoopName([8 x i8]* @p_str24) nounwind" [firmware/nnet_utils/nnet_padding_stream.h:120]   --->   Operation 49 'specloopname' <Predicate = (!icmp_ln119)> <Delay = 0.00>
ST_3 : Operation 50 [1/1] (1.83ns)   --->   "call void @_ssdm_op_Write.ap_fifo.volatile.i16P(i16* %res_0_V_V, i16 0)" [firmware/nnet_utils/nnet_padding_stream.h:27->firmware/nnet_utils/nnet_padding_stream.h:121]   --->   Operation 50 'write' <Predicate = (!icmp_ln119)> <Delay = 1.83> <Core = "FIFO_SRL">   --->   Core 36 'FIFO_SRL' <Latency = 0> <II = 1> <Delay = 1.83> <Storage> <Opcode : 'read' 'write' 'nbread' 'nbwrite'> <Ports = 0> <Width = 16> <Depth = 0> <FIFO>
ST_3 : Operation 51 [1/1] (1.83ns)   --->   "call void @_ssdm_op_Write.ap_fifo.volatile.i16P(i16* %res_1_V_V, i16 0)" [firmware/nnet_utils/nnet_padding_stream.h:27->firmware/nnet_utils/nnet_padding_stream.h:121]   --->   Operation 51 'write' <Predicate = (!icmp_ln119)> <Delay = 1.83> <Core = "FIFO_SRL">   --->   Core 36 'FIFO_SRL' <Latency = 0> <II = 1> <Delay = 1.83> <Storage> <Opcode : 'read' 'write' 'nbread' 'nbwrite'> <Ports = 0> <Width = 16> <Depth = 0> <FIFO>
ST_3 : Operation 52 [1/1] (1.83ns)   --->   "call void @_ssdm_op_Write.ap_fifo.volatile.i16P(i16* %res_2_V_V, i16 0)" [firmware/nnet_utils/nnet_padding_stream.h:27->firmware/nnet_utils/nnet_padding_stream.h:121]   --->   Operation 52 'write' <Predicate = (!icmp_ln119)> <Delay = 1.83> <Core = "FIFO_SRL">   --->   Core 36 'FIFO_SRL' <Latency = 0> <II = 1> <Delay = 1.83> <Storage> <Opcode : 'read' 'write' 'nbread' 'nbwrite'> <Ports = 0> <Width = 16> <Depth = 0> <FIFO>
ST_3 : Operation 53 [1/1] (1.83ns)   --->   "call void @_ssdm_op_Write.ap_fifo.volatile.i16P(i16* %res_3_V_V, i16 0)" [firmware/nnet_utils/nnet_padding_stream.h:27->firmware/nnet_utils/nnet_padding_stream.h:121]   --->   Operation 53 'write' <Predicate = (!icmp_ln119)> <Delay = 1.83> <Core = "FIFO_SRL">   --->   Core 36 'FIFO_SRL' <Latency = 0> <II = 1> <Delay = 1.83> <Storage> <Opcode : 'read' 'write' 'nbread' 'nbwrite'> <Ports = 0> <Width = 16> <Depth = 0> <FIFO>
ST_3 : Operation 54 [1/1] (1.83ns)   --->   "call void @_ssdm_op_Write.ap_fifo.volatile.i16P(i16* %res_4_V_V, i16 0)" [firmware/nnet_utils/nnet_padding_stream.h:27->firmware/nnet_utils/nnet_padding_stream.h:121]   --->   Operation 54 'write' <Predicate = (!icmp_ln119)> <Delay = 1.83> <Core = "FIFO_SRL">   --->   Core 36 'FIFO_SRL' <Latency = 0> <II = 1> <Delay = 1.83> <Storage> <Opcode : 'read' 'write' 'nbread' 'nbwrite'> <Ports = 0> <Width = 16> <Depth = 0> <FIFO>
ST_3 : Operation 55 [1/1] (1.83ns)   --->   "call void @_ssdm_op_Write.ap_fifo.volatile.i16P(i16* %res_5_V_V, i16 0)" [firmware/nnet_utils/nnet_padding_stream.h:27->firmware/nnet_utils/nnet_padding_stream.h:121]   --->   Operation 55 'write' <Predicate = (!icmp_ln119)> <Delay = 1.83> <Core = "FIFO_SRL">   --->   Core 36 'FIFO_SRL' <Latency = 0> <II = 1> <Delay = 1.83> <Storage> <Opcode : 'read' 'write' 'nbread' 'nbwrite'> <Ports = 0> <Width = 16> <Depth = 0> <FIFO>
ST_3 : Operation 56 [1/1] (1.83ns)   --->   "call void @_ssdm_op_Write.ap_fifo.volatile.i16P(i16* %res_6_V_V, i16 0)" [firmware/nnet_utils/nnet_padding_stream.h:27->firmware/nnet_utils/nnet_padding_stream.h:121]   --->   Operation 56 'write' <Predicate = (!icmp_ln119)> <Delay = 1.83> <Core = "FIFO_SRL">   --->   Core 36 'FIFO_SRL' <Latency = 0> <II = 1> <Delay = 1.83> <Storage> <Opcode : 'read' 'write' 'nbread' 'nbwrite'> <Ports = 0> <Width = 16> <Depth = 0> <FIFO>
ST_3 : Operation 57 [1/1] (1.83ns)   --->   "call void @_ssdm_op_Write.ap_fifo.volatile.i16P(i16* %res_7_V_V, i16 0)" [firmware/nnet_utils/nnet_padding_stream.h:27->firmware/nnet_utils/nnet_padding_stream.h:121]   --->   Operation 57 'write' <Predicate = (!icmp_ln119)> <Delay = 1.83> <Core = "FIFO_SRL">   --->   Core 36 'FIFO_SRL' <Latency = 0> <II = 1> <Delay = 1.83> <Storage> <Opcode : 'read' 'write' 'nbread' 'nbwrite'> <Ports = 0> <Width = 16> <Depth = 0> <FIFO>
ST_3 : Operation 58 [1/1] (0.65ns)   --->   "br label %.preheader2" [firmware/nnet_utils/nnet_padding_stream.h:123]   --->   Operation 58 'br' <Predicate = (!icmp_ln119)> <Delay = 0.65>
ST_3 : Operation 59 [1/1] (0.00ns)   --->   "call void (...)* @_ssdm_op_SpecLoopName([10 x i8]* @p_str27) nounwind" [firmware/nnet_utils/nnet_padding_stream.h:131]   --->   Operation 59 'specloopname' <Predicate = (icmp_ln119)> <Delay = 0.00>
ST_3 : Operation 60 [1/1] (0.00ns)   --->   "%tmp_1 = call i32 (...)* @_ssdm_op_SpecRegionBegin([10 x i8]* @p_str27)" [firmware/nnet_utils/nnet_padding_stream.h:131]   --->   Operation 60 'specregionbegin' 'tmp_1' <Predicate = (icmp_ln119)> <Delay = 0.00>
ST_3 : Operation 61 [1/1] (0.65ns)   --->   "br label %1" [firmware/nnet_utils/nnet_padding_stream.h:132]   --->   Operation 61 'br' <Predicate = (icmp_ln119)> <Delay = 0.65>

State 4 <SV = 3> <Delay = 1.83>
ST_4 : Operation 62 [1/1] (0.00ns)   --->   "%j3_0 = phi i2 [ %j_2, %"fill_data_me<ap_fixed<16, 14, 5, 3, 0>, ap_fixed<16, 14, 5, 3, 0>, config4>.exit" ], [ 0, %PadMain_begin ]"   --->   Operation 62 'phi' 'j3_0' <Predicate = true> <Delay = 0.00>
ST_4 : Operation 63 [1/1] (0.44ns)   --->   "%icmp_ln123 = icmp eq i2 %j3_0, -1" [firmware/nnet_utils/nnet_padding_stream.h:123]   --->   Operation 63 'icmp' 'icmp_ln123' <Predicate = true> <Delay = 0.44> <Core = "Cmp">   --->   Core 25 'Cmp' <Latency = 0> <II = 1> <Delay = 0.58> <FuncUnit> <Opcode : 'icmp'> <InPorts = 2> <OutPorts = 1>
ST_4 : Operation 64 [1/1] (0.00ns)   --->   "%empty_16 = call i32 (...)* @_ssdm_op_SpecLoopTripCount(i64 3, i64 3, i64 3)"   --->   Operation 64 'speclooptripcount' 'empty_16' <Predicate = true> <Delay = 0.00>
ST_4 : Operation 65 [1/1] (0.54ns)   --->   "%j_2 = add i2 %j3_0, 1" [firmware/nnet_utils/nnet_padding_stream.h:123]   --->   Operation 65 'add' 'j_2' <Predicate = true> <Delay = 0.54> <Core = "AddSub">   --->   Core 14 'AddSub' <Latency = 0> <II = 1> <Delay = 0.67> <FuncUnit> <Opcode : 'add' 'sub'> <InPorts = 2> <OutPorts = 1>
ST_4 : Operation 66 [1/1] (0.00ns)   --->   "br i1 %icmp_ln123, label %PadMain_end, label %"fill_data_me<ap_fixed<16, 14, 5, 3, 0>, ap_fixed<16, 14, 5, 3, 0>, config4>.exit"" [firmware/nnet_utils/nnet_padding_stream.h:123]   --->   Operation 66 'br' <Predicate = true> <Delay = 0.00>
ST_4 : Operation 67 [1/1] (0.00ns)   --->   "call void (...)* @_ssdm_op_SpecLoopName([9 x i8]* @p_str25) nounwind" [firmware/nnet_utils/nnet_padding_stream.h:123]   --->   Operation 67 'specloopname' <Predicate = (!icmp_ln123)> <Delay = 0.00>
ST_4 : Operation 68 [1/1] (0.00ns)   --->   "%tmp_V = call i16 @_ssdm_op_Read.axis.volatile.i16P(i16* %data_0_V_V)" [firmware/nnet_utils/nnet_padding_stream.h:50->firmware/nnet_utils/nnet_padding_stream.h:124]   --->   Operation 68 'read' 'tmp_V' <Predicate = (!icmp_ln123)> <Delay = 0.00> <Core = "AXI4Stream">   --->   Core 5 'AXI4Stream' <Latency = 0> <II = 1> <Delay = 1.00> <Adapter> <Opcode : >
ST_4 : Operation 69 [1/1] (1.83ns)   --->   "call void @_ssdm_op_Write.ap_fifo.volatile.i16P(i16* %res_0_V_V, i16 %tmp_V)" [firmware/nnet_utils/nnet_padding_stream.h:53->firmware/nnet_utils/nnet_padding_stream.h:124]   --->   Operation 69 'write' <Predicate = (!icmp_ln123)> <Delay = 1.83> <Core = "FIFO_SRL">   --->   Core 36 'FIFO_SRL' <Latency = 0> <II = 1> <Delay = 1.83> <Storage> <Opcode : 'read' 'write' 'nbread' 'nbwrite'> <Ports = 0> <Width = 16> <Depth = 0> <FIFO>
ST_4 : Operation 70 [1/1] (0.00ns)   --->   "%tmp_V_1 = call i16 @_ssdm_op_Read.axis.volatile.i16P(i16* %data_1_V_V)" [firmware/nnet_utils/nnet_padding_stream.h:50->firmware/nnet_utils/nnet_padding_stream.h:124]   --->   Operation 70 'read' 'tmp_V_1' <Predicate = (!icmp_ln123)> <Delay = 0.00> <Core = "AXI4Stream">   --->   Core 5 'AXI4Stream' <Latency = 0> <II = 1> <Delay = 1.00> <Adapter> <Opcode : >
ST_4 : Operation 71 [1/1] (1.83ns)   --->   "call void @_ssdm_op_Write.ap_fifo.volatile.i16P(i16* %res_1_V_V, i16 %tmp_V_1)" [firmware/nnet_utils/nnet_padding_stream.h:53->firmware/nnet_utils/nnet_padding_stream.h:124]   --->   Operation 71 'write' <Predicate = (!icmp_ln123)> <Delay = 1.83> <Core = "FIFO_SRL">   --->   Core 36 'FIFO_SRL' <Latency = 0> <II = 1> <Delay = 1.83> <Storage> <Opcode : 'read' 'write' 'nbread' 'nbwrite'> <Ports = 0> <Width = 16> <Depth = 0> <FIFO>
ST_4 : Operation 72 [1/1] (0.00ns)   --->   "%tmp_V_2 = call i16 @_ssdm_op_Read.axis.volatile.i16P(i16* %data_2_V_V)" [firmware/nnet_utils/nnet_padding_stream.h:50->firmware/nnet_utils/nnet_padding_stream.h:124]   --->   Operation 72 'read' 'tmp_V_2' <Predicate = (!icmp_ln123)> <Delay = 0.00> <Core = "AXI4Stream">   --->   Core 5 'AXI4Stream' <Latency = 0> <II = 1> <Delay = 1.00> <Adapter> <Opcode : >
ST_4 : Operation 73 [1/1] (1.83ns)   --->   "call void @_ssdm_op_Write.ap_fifo.volatile.i16P(i16* %res_2_V_V, i16 %tmp_V_2)" [firmware/nnet_utils/nnet_padding_stream.h:53->firmware/nnet_utils/nnet_padding_stream.h:124]   --->   Operation 73 'write' <Predicate = (!icmp_ln123)> <Delay = 1.83> <Core = "FIFO_SRL">   --->   Core 36 'FIFO_SRL' <Latency = 0> <II = 1> <Delay = 1.83> <Storage> <Opcode : 'read' 'write' 'nbread' 'nbwrite'> <Ports = 0> <Width = 16> <Depth = 0> <FIFO>
ST_4 : Operation 74 [1/1] (0.00ns)   --->   "%tmp_V_3 = call i16 @_ssdm_op_Read.axis.volatile.i16P(i16* %data_3_V_V)" [firmware/nnet_utils/nnet_padding_stream.h:50->firmware/nnet_utils/nnet_padding_stream.h:124]   --->   Operation 74 'read' 'tmp_V_3' <Predicate = (!icmp_ln123)> <Delay = 0.00> <Core = "AXI4Stream">   --->   Core 5 'AXI4Stream' <Latency = 0> <II = 1> <Delay = 1.00> <Adapter> <Opcode : >
ST_4 : Operation 75 [1/1] (1.83ns)   --->   "call void @_ssdm_op_Write.ap_fifo.volatile.i16P(i16* %res_3_V_V, i16 %tmp_V_3)" [firmware/nnet_utils/nnet_padding_stream.h:53->firmware/nnet_utils/nnet_padding_stream.h:124]   --->   Operation 75 'write' <Predicate = (!icmp_ln123)> <Delay = 1.83> <Core = "FIFO_SRL">   --->   Core 36 'FIFO_SRL' <Latency = 0> <II = 1> <Delay = 1.83> <Storage> <Opcode : 'read' 'write' 'nbread' 'nbwrite'> <Ports = 0> <Width = 16> <Depth = 0> <FIFO>
ST_4 : Operation 76 [1/1] (0.00ns)   --->   "%tmp_V_4 = call i16 @_ssdm_op_Read.axis.volatile.i16P(i16* %data_4_V_V)" [firmware/nnet_utils/nnet_padding_stream.h:50->firmware/nnet_utils/nnet_padding_stream.h:124]   --->   Operation 76 'read' 'tmp_V_4' <Predicate = (!icmp_ln123)> <Delay = 0.00> <Core = "AXI4Stream">   --->   Core 5 'AXI4Stream' <Latency = 0> <II = 1> <Delay = 1.00> <Adapter> <Opcode : >
ST_4 : Operation 77 [1/1] (1.83ns)   --->   "call void @_ssdm_op_Write.ap_fifo.volatile.i16P(i16* %res_4_V_V, i16 %tmp_V_4)" [firmware/nnet_utils/nnet_padding_stream.h:53->firmware/nnet_utils/nnet_padding_stream.h:124]   --->   Operation 77 'write' <Predicate = (!icmp_ln123)> <Delay = 1.83> <Core = "FIFO_SRL">   --->   Core 36 'FIFO_SRL' <Latency = 0> <II = 1> <Delay = 1.83> <Storage> <Opcode : 'read' 'write' 'nbread' 'nbwrite'> <Ports = 0> <Width = 16> <Depth = 0> <FIFO>
ST_4 : Operation 78 [1/1] (0.00ns)   --->   "%tmp_V_5 = call i16 @_ssdm_op_Read.axis.volatile.i16P(i16* %data_5_V_V)" [firmware/nnet_utils/nnet_padding_stream.h:50->firmware/nnet_utils/nnet_padding_stream.h:124]   --->   Operation 78 'read' 'tmp_V_5' <Predicate = (!icmp_ln123)> <Delay = 0.00> <Core = "AXI4Stream">   --->   Core 5 'AXI4Stream' <Latency = 0> <II = 1> <Delay = 1.00> <Adapter> <Opcode : >
ST_4 : Operation 79 [1/1] (1.83ns)   --->   "call void @_ssdm_op_Write.ap_fifo.volatile.i16P(i16* %res_5_V_V, i16 %tmp_V_5)" [firmware/nnet_utils/nnet_padding_stream.h:53->firmware/nnet_utils/nnet_padding_stream.h:124]   --->   Operation 79 'write' <Predicate = (!icmp_ln123)> <Delay = 1.83> <Core = "FIFO_SRL">   --->   Core 36 'FIFO_SRL' <Latency = 0> <II = 1> <Delay = 1.83> <Storage> <Opcode : 'read' 'write' 'nbread' 'nbwrite'> <Ports = 0> <Width = 16> <Depth = 0> <FIFO>
ST_4 : Operation 80 [1/1] (0.00ns)   --->   "%tmp_V_6 = call i16 @_ssdm_op_Read.axis.volatile.i16P(i16* %data_6_V_V)" [firmware/nnet_utils/nnet_padding_stream.h:50->firmware/nnet_utils/nnet_padding_stream.h:124]   --->   Operation 80 'read' 'tmp_V_6' <Predicate = (!icmp_ln123)> <Delay = 0.00> <Core = "AXI4Stream">   --->   Core 5 'AXI4Stream' <Latency = 0> <II = 1> <Delay = 1.00> <Adapter> <Opcode : >
ST_4 : Operation 81 [1/1] (1.83ns)   --->   "call void @_ssdm_op_Write.ap_fifo.volatile.i16P(i16* %res_6_V_V, i16 %tmp_V_6)" [firmware/nnet_utils/nnet_padding_stream.h:53->firmware/nnet_utils/nnet_padding_stream.h:124]   --->   Operation 81 'write' <Predicate = (!icmp_ln123)> <Delay = 1.83> <Core = "FIFO_SRL">   --->   Core 36 'FIFO_SRL' <Latency = 0> <II = 1> <Delay = 1.83> <Storage> <Opcode : 'read' 'write' 'nbread' 'nbwrite'> <Ports = 0> <Width = 16> <Depth = 0> <FIFO>
ST_4 : Operation 82 [1/1] (0.00ns)   --->   "%tmp_V_7 = call i16 @_ssdm_op_Read.axis.volatile.i16P(i16* %data_7_V_V)" [firmware/nnet_utils/nnet_padding_stream.h:50->firmware/nnet_utils/nnet_padding_stream.h:124]   --->   Operation 82 'read' 'tmp_V_7' <Predicate = (!icmp_ln123)> <Delay = 0.00> <Core = "AXI4Stream">   --->   Core 5 'AXI4Stream' <Latency = 0> <II = 1> <Delay = 1.00> <Adapter> <Opcode : >
ST_4 : Operation 83 [1/1] (1.83ns)   --->   "call void @_ssdm_op_Write.ap_fifo.volatile.i16P(i16* %res_7_V_V, i16 %tmp_V_7)" [firmware/nnet_utils/nnet_padding_stream.h:53->firmware/nnet_utils/nnet_padding_stream.h:124]   --->   Operation 83 'write' <Predicate = (!icmp_ln123)> <Delay = 1.83> <Core = "FIFO_SRL">   --->   Core 36 'FIFO_SRL' <Latency = 0> <II = 1> <Delay = 1.83> <Storage> <Opcode : 'read' 'write' 'nbread' 'nbwrite'> <Ports = 0> <Width = 16> <Depth = 0> <FIFO>
ST_4 : Operation 84 [1/1] (0.00ns)   --->   "br label %.preheader2" [firmware/nnet_utils/nnet_padding_stream.h:123]   --->   Operation 84 'br' <Predicate = (!icmp_ln123)> <Delay = 0.00>
ST_4 : Operation 85 [1/1] (0.00ns)   --->   "call void (...)* @_ssdm_op_SpecLoopName([9 x i8]* @p_str26) nounwind" [firmware/nnet_utils/nnet_padding_stream.h:126]   --->   Operation 85 'specloopname' <Predicate = (icmp_ln123)> <Delay = 0.00>
ST_4 : Operation 86 [1/1] (1.83ns)   --->   "call void @_ssdm_op_Write.ap_fifo.volatile.i16P(i16* %res_0_V_V, i16 0)" [firmware/nnet_utils/nnet_padding_stream.h:27->firmware/nnet_utils/nnet_padding_stream.h:127]   --->   Operation 86 'write' <Predicate = (icmp_ln123)> <Delay = 1.83> <Core = "FIFO_SRL">   --->   Core 36 'FIFO_SRL' <Latency = 0> <II = 1> <Delay = 1.83> <Storage> <Opcode : 'read' 'write' 'nbread' 'nbwrite'> <Ports = 0> <Width = 16> <Depth = 0> <FIFO>
ST_4 : Operation 87 [1/1] (1.83ns)   --->   "call void @_ssdm_op_Write.ap_fifo.volatile.i16P(i16* %res_1_V_V, i16 0)" [firmware/nnet_utils/nnet_padding_stream.h:27->firmware/nnet_utils/nnet_padding_stream.h:127]   --->   Operation 87 'write' <Predicate = (icmp_ln123)> <Delay = 1.83> <Core = "FIFO_SRL">   --->   Core 36 'FIFO_SRL' <Latency = 0> <II = 1> <Delay = 1.83> <Storage> <Opcode : 'read' 'write' 'nbread' 'nbwrite'> <Ports = 0> <Width = 16> <Depth = 0> <FIFO>
ST_4 : Operation 88 [1/1] (1.83ns)   --->   "call void @_ssdm_op_Write.ap_fifo.volatile.i16P(i16* %res_2_V_V, i16 0)" [firmware/nnet_utils/nnet_padding_stream.h:27->firmware/nnet_utils/nnet_padding_stream.h:127]   --->   Operation 88 'write' <Predicate = (icmp_ln123)> <Delay = 1.83> <Core = "FIFO_SRL">   --->   Core 36 'FIFO_SRL' <Latency = 0> <II = 1> <Delay = 1.83> <Storage> <Opcode : 'read' 'write' 'nbread' 'nbwrite'> <Ports = 0> <Width = 16> <Depth = 0> <FIFO>
ST_4 : Operation 89 [1/1] (1.83ns)   --->   "call void @_ssdm_op_Write.ap_fifo.volatile.i16P(i16* %res_3_V_V, i16 0)" [firmware/nnet_utils/nnet_padding_stream.h:27->firmware/nnet_utils/nnet_padding_stream.h:127]   --->   Operation 89 'write' <Predicate = (icmp_ln123)> <Delay = 1.83> <Core = "FIFO_SRL">   --->   Core 36 'FIFO_SRL' <Latency = 0> <II = 1> <Delay = 1.83> <Storage> <Opcode : 'read' 'write' 'nbread' 'nbwrite'> <Ports = 0> <Width = 16> <Depth = 0> <FIFO>
ST_4 : Operation 90 [1/1] (1.83ns)   --->   "call void @_ssdm_op_Write.ap_fifo.volatile.i16P(i16* %res_4_V_V, i16 0)" [firmware/nnet_utils/nnet_padding_stream.h:27->firmware/nnet_utils/nnet_padding_stream.h:127]   --->   Operation 90 'write' <Predicate = (icmp_ln123)> <Delay = 1.83> <Core = "FIFO_SRL">   --->   Core 36 'FIFO_SRL' <Latency = 0> <II = 1> <Delay = 1.83> <Storage> <Opcode : 'read' 'write' 'nbread' 'nbwrite'> <Ports = 0> <Width = 16> <Depth = 0> <FIFO>
ST_4 : Operation 91 [1/1] (1.83ns)   --->   "call void @_ssdm_op_Write.ap_fifo.volatile.i16P(i16* %res_5_V_V, i16 0)" [firmware/nnet_utils/nnet_padding_stream.h:27->firmware/nnet_utils/nnet_padding_stream.h:127]   --->   Operation 91 'write' <Predicate = (icmp_ln123)> <Delay = 1.83> <Core = "FIFO_SRL">   --->   Core 36 'FIFO_SRL' <Latency = 0> <II = 1> <Delay = 1.83> <Storage> <Opcode : 'read' 'write' 'nbread' 'nbwrite'> <Ports = 0> <Width = 16> <Depth = 0> <FIFO>
ST_4 : Operation 92 [1/1] (1.83ns)   --->   "call void @_ssdm_op_Write.ap_fifo.volatile.i16P(i16* %res_6_V_V, i16 0)" [firmware/nnet_utils/nnet_padding_stream.h:27->firmware/nnet_utils/nnet_padding_stream.h:127]   --->   Operation 92 'write' <Predicate = (icmp_ln123)> <Delay = 1.83> <Core = "FIFO_SRL">   --->   Core 36 'FIFO_SRL' <Latency = 0> <II = 1> <Delay = 1.83> <Storage> <Opcode : 'read' 'write' 'nbread' 'nbwrite'> <Ports = 0> <Width = 16> <Depth = 0> <FIFO>
ST_4 : Operation 93 [1/1] (1.83ns)   --->   "call void @_ssdm_op_Write.ap_fifo.volatile.i16P(i16* %res_7_V_V, i16 0)" [firmware/nnet_utils/nnet_padding_stream.h:27->firmware/nnet_utils/nnet_padding_stream.h:127]   --->   Operation 93 'write' <Predicate = (icmp_ln123)> <Delay = 1.83> <Core = "FIFO_SRL">   --->   Core 36 'FIFO_SRL' <Latency = 0> <II = 1> <Delay = 1.83> <Storage> <Opcode : 'read' 'write' 'nbread' 'nbwrite'> <Ports = 0> <Width = 16> <Depth = 0> <FIFO>
ST_4 : Operation 94 [1/1] (0.00ns)   --->   "%empty_17 = call i32 (...)* @_ssdm_op_SpecRegionEnd([8 x i8]* @p_str23, i32 %tmp_2)" [firmware/nnet_utils/nnet_padding_stream.h:129]   --->   Operation 94 'specregionend' 'empty_17' <Predicate = (icmp_ln123)> <Delay = 0.00>
ST_4 : Operation 95 [1/1] (0.00ns)   --->   "br label %.preheader3" [firmware/nnet_utils/nnet_padding_stream.h:119]   --->   Operation 95 'br' <Predicate = (icmp_ln123)> <Delay = 0.00>

State 5 <SV = 3> <Delay = 1.83>
ST_5 : Operation 96 [1/1] (0.00ns)   --->   "%j6_0 = phi i3 [ 0, %PadBottom_begin ], [ %j_1, %_ZN8ap_fixedILi16ELi14EL9ap_q_mode5EL9ap_o_mode3ELi0EEC1Ei.exit.i.0 ]"   --->   Operation 96 'phi' 'j6_0' <Predicate = true> <Delay = 0.00>
ST_5 : Operation 97 [1/1] (0.58ns)   --->   "%icmp_ln132 = icmp eq i3 %j6_0, -3" [firmware/nnet_utils/nnet_padding_stream.h:132]   --->   Operation 97 'icmp' 'icmp_ln132' <Predicate = true> <Delay = 0.58> <Core = "Cmp">   --->   Core 25 'Cmp' <Latency = 0> <II = 1> <Delay = 0.58> <FuncUnit> <Opcode : 'icmp'> <InPorts = 2> <OutPorts = 1>
ST_5 : Operation 98 [1/1] (0.00ns)   --->   "%empty_18 = call i32 (...)* @_ssdm_op_SpecLoopTripCount(i64 5, i64 5, i64 5)"   --->   Operation 98 'speclooptripcount' 'empty_18' <Predicate = true> <Delay = 0.00>
ST_5 : Operation 99 [1/1] (0.67ns)   --->   "%j_1 = add i3 %j6_0, 1" [firmware/nnet_utils/nnet_padding_stream.h:132]   --->   Operation 99 'add' 'j_1' <Predicate = true> <Delay = 0.67> <Core = "AddSub">   --->   Core 14 'AddSub' <Latency = 0> <II = 1> <Delay = 0.67> <FuncUnit> <Opcode : 'add' 'sub'> <InPorts = 2> <OutPorts = 1>
ST_5 : Operation 100 [1/1] (0.00ns)   --->   "br i1 %icmp_ln132, label %PadBottom_end, label %_ZN8ap_fixedILi16ELi14EL9ap_q_mode5EL9ap_o_mode3ELi0EEC1Ei.exit.i.0" [firmware/nnet_utils/nnet_padding_stream.h:132]   --->   Operation 100 'br' <Predicate = true> <Delay = 0.00>
ST_5 : Operation 101 [1/1] (0.00ns)   --->   "call void (...)* @_ssdm_op_SpecLoopName([15 x i8]* @p_str28) nounwind" [firmware/nnet_utils/nnet_padding_stream.h:132]   --->   Operation 101 'specloopname' <Predicate = (!icmp_ln132)> <Delay = 0.00>
ST_5 : Operation 102 [1/1] (1.83ns)   --->   "call void @_ssdm_op_Write.ap_fifo.volatile.i16P(i16* %res_0_V_V, i16 0)" [firmware/nnet_utils/nnet_padding_stream.h:27->firmware/nnet_utils/nnet_padding_stream.h:133]   --->   Operation 102 'write' <Predicate = (!icmp_ln132)> <Delay = 1.83> <Core = "FIFO_SRL">   --->   Core 36 'FIFO_SRL' <Latency = 0> <II = 1> <Delay = 1.83> <Storage> <Opcode : 'read' 'write' 'nbread' 'nbwrite'> <Ports = 0> <Width = 16> <Depth = 0> <FIFO>
ST_5 : Operation 103 [1/1] (1.83ns)   --->   "call void @_ssdm_op_Write.ap_fifo.volatile.i16P(i16* %res_1_V_V, i16 0)" [firmware/nnet_utils/nnet_padding_stream.h:27->firmware/nnet_utils/nnet_padding_stream.h:133]   --->   Operation 103 'write' <Predicate = (!icmp_ln132)> <Delay = 1.83> <Core = "FIFO_SRL">   --->   Core 36 'FIFO_SRL' <Latency = 0> <II = 1> <Delay = 1.83> <Storage> <Opcode : 'read' 'write' 'nbread' 'nbwrite'> <Ports = 0> <Width = 16> <Depth = 0> <FIFO>
ST_5 : Operation 104 [1/1] (1.83ns)   --->   "call void @_ssdm_op_Write.ap_fifo.volatile.i16P(i16* %res_2_V_V, i16 0)" [firmware/nnet_utils/nnet_padding_stream.h:27->firmware/nnet_utils/nnet_padding_stream.h:133]   --->   Operation 104 'write' <Predicate = (!icmp_ln132)> <Delay = 1.83> <Core = "FIFO_SRL">   --->   Core 36 'FIFO_SRL' <Latency = 0> <II = 1> <Delay = 1.83> <Storage> <Opcode : 'read' 'write' 'nbread' 'nbwrite'> <Ports = 0> <Width = 16> <Depth = 0> <FIFO>
ST_5 : Operation 105 [1/1] (1.83ns)   --->   "call void @_ssdm_op_Write.ap_fifo.volatile.i16P(i16* %res_3_V_V, i16 0)" [firmware/nnet_utils/nnet_padding_stream.h:27->firmware/nnet_utils/nnet_padding_stream.h:133]   --->   Operation 105 'write' <Predicate = (!icmp_ln132)> <Delay = 1.83> <Core = "FIFO_SRL">   --->   Core 36 'FIFO_SRL' <Latency = 0> <II = 1> <Delay = 1.83> <Storage> <Opcode : 'read' 'write' 'nbread' 'nbwrite'> <Ports = 0> <Width = 16> <Depth = 0> <FIFO>
ST_5 : Operation 106 [1/1] (1.83ns)   --->   "call void @_ssdm_op_Write.ap_fifo.volatile.i16P(i16* %res_4_V_V, i16 0)" [firmware/nnet_utils/nnet_padding_stream.h:27->firmware/nnet_utils/nnet_padding_stream.h:133]   --->   Operation 106 'write' <Predicate = (!icmp_ln132)> <Delay = 1.83> <Core = "FIFO_SRL">   --->   Core 36 'FIFO_SRL' <Latency = 0> <II = 1> <Delay = 1.83> <Storage> <Opcode : 'read' 'write' 'nbread' 'nbwrite'> <Ports = 0> <Width = 16> <Depth = 0> <FIFO>
ST_5 : Operation 107 [1/1] (1.83ns)   --->   "call void @_ssdm_op_Write.ap_fifo.volatile.i16P(i16* %res_5_V_V, i16 0)" [firmware/nnet_utils/nnet_padding_stream.h:27->firmware/nnet_utils/nnet_padding_stream.h:133]   --->   Operation 107 'write' <Predicate = (!icmp_ln132)> <Delay = 1.83> <Core = "FIFO_SRL">   --->   Core 36 'FIFO_SRL' <Latency = 0> <II = 1> <Delay = 1.83> <Storage> <Opcode : 'read' 'write' 'nbread' 'nbwrite'> <Ports = 0> <Width = 16> <Depth = 0> <FIFO>
ST_5 : Operation 108 [1/1] (1.83ns)   --->   "call void @_ssdm_op_Write.ap_fifo.volatile.i16P(i16* %res_6_V_V, i16 0)" [firmware/nnet_utils/nnet_padding_stream.h:27->firmware/nnet_utils/nnet_padding_stream.h:133]   --->   Operation 108 'write' <Predicate = (!icmp_ln132)> <Delay = 1.83> <Core = "FIFO_SRL">   --->   Core 36 'FIFO_SRL' <Latency = 0> <II = 1> <Delay = 1.83> <Storage> <Opcode : 'read' 'write' 'nbread' 'nbwrite'> <Ports = 0> <Width = 16> <Depth = 0> <FIFO>
ST_5 : Operation 109 [1/1] (1.83ns)   --->   "call void @_ssdm_op_Write.ap_fifo.volatile.i16P(i16* %res_7_V_V, i16 0)" [firmware/nnet_utils/nnet_padding_stream.h:27->firmware/nnet_utils/nnet_padding_stream.h:133]   --->   Operation 109 'write' <Predicate = (!icmp_ln132)> <Delay = 1.83> <Core = "FIFO_SRL">   --->   Core 36 'FIFO_SRL' <Latency = 0> <II = 1> <Delay = 1.83> <Storage> <Opcode : 'read' 'write' 'nbread' 'nbwrite'> <Ports = 0> <Width = 16> <Depth = 0> <FIFO>
ST_5 : Operation 110 [1/1] (0.00ns)   --->   "br label %1" [firmware/nnet_utils/nnet_padding_stream.h:132]   --->   Operation 110 'br' <Predicate = (!icmp_ln132)> <Delay = 0.00>
ST_5 : Operation 111 [1/1] (0.00ns)   --->   "%empty_19 = call i32 (...)* @_ssdm_op_SpecRegionEnd([10 x i8]* @p_str27, i32 %tmp_1)" [firmware/nnet_utils/nnet_padding_stream.h:135]   --->   Operation 111 'specregionend' 'empty_19' <Predicate = (icmp_ln132)> <Delay = 0.00>
ST_5 : Operation 112 [1/1] (0.00ns)   --->   "ret void" [firmware/nnet_utils/nnet_padding_stream.h:138]   --->   Operation 112 'ret' <Predicate = (icmp_ln132)> <Delay = 0.00>


============================================================
+ Verbose Summary: Timing violations
============================================================
Target clock period: 5ns, clock uncertainty: 0.625ns.

 <State 1>: 0.656ns
The critical path consists of the following:
	multiplexor before 'phi' operation ('j') with incoming values : ('j', firmware/nnet_utils/nnet_padding_stream.h:114) [37]  (0.656 ns)

 <State 2>: 1.84ns
The critical path consists of the following:
	fifo write on port 'res_0_V_V' (firmware/nnet_utils/nnet_padding_stream.h:27->firmware/nnet_utils/nnet_padding_stream.h:115) [44]  (1.84 ns)

 <State 3>: 1.84ns
The critical path consists of the following:
	fifo write on port 'res_0_V_V' (firmware/nnet_utils/nnet_padding_stream.h:27->firmware/nnet_utils/nnet_padding_stream.h:121) [66]  (1.84 ns)

 <State 4>: 1.84ns
The critical path consists of the following:
	axis read on port 'data_0_V_V' (firmware/nnet_utils/nnet_padding_stream.h:50->firmware/nnet_utils/nnet_padding_stream.h:124) [83]  (0 ns)
	fifo write on port 'res_0_V_V' (firmware/nnet_utils/nnet_padding_stream.h:53->firmware/nnet_utils/nnet_padding_stream.h:124) [84]  (1.84 ns)

 <State 5>: 1.84ns
The critical path consists of the following:
	fifo write on port 'res_0_V_V' (firmware/nnet_utils/nnet_padding_stream.h:27->firmware/nnet_utils/nnet_padding_stream.h:133) [124]  (1.84 ns)


============================================================
+ Verbose Summary: Binding
============================================================
N/A
* FSMD analyzer results:
  - Output states:
 - Input state : 
  - Chain level:
	State 1
	State 2
	State 3
	State 4
	State 5


============================================================
+ Verbose Summary: Datapath Resource usage 
============================================================
N/A
